2024-10-17 14:07:33,800 - ERROR - Test test_enterprise_d5054276 failed.
2024-10-17 14:07:33,803 - ERROR - URL at failure: https://www.enterprise.com/en/car-rental-locations/us.html?icid=header.locations.car.locations-_-us.locations-_-ENUS.NULL
2024-10-17 14:07:33,803 - ERROR - Exception: self = <test.test_enterprise.TestEnterprise object at 0x1047baef0>

    def test_enterprise_d5054276(self):
        # self.driver.get("https://enterprise.com")
        time.sleep(10)
        self.driver.find_element(By.XPATH, "//nav[@id='primary-nav']/ul[1]/li[3]/div[2]").click()
        self.driver.find_element(By.XPATH, "//div[@id='navContentLocations']/div[1]/div[1]/div[1]/ul[1]/li[1]/a[1]/span[1]").click()
        self.driver.find_element(By.ID, "pickupLocationTextBox").clear()
        self.driver.find_element(By.ID, "pickupLocationTextBox").send_keys("02199")
        self.driver.find_element(By.XPATH, "//li[@id='location-US-02199-Boston']/a[1]/span[1]/span[1]").click()
    
        # time.sleep(1)
        # somehow the following click actions is not performed but passed, tried to add 1-second sleep and issue is solved
        self.driver.find_element(By.ID, "continueButton").click()
>       self.driver.find_element(By.ID, "1046329").click()
E       AttributeError: 'NoneType' object has no attribute 'click'

test/test_enterprise.py:50: AttributeError
2024-10-17 14:07:33,803 - ERROR - TimeoutException: Elements not found: id = 1046329 - Message: 
Stacktrace:
0   undetected_chromedriver             0x00000001055c0a58 undetected_chromedriver + 8141400
1   undetected_chromedriver             0x00000001055b894a undetected_chromedriver + 8108362
2   undetected_chromedriver             0x0000000104e5df60 undetected_chromedriver + 397152
3   undetected_chromedriver             0x0000000104eaa1f3 undetected_chromedriver + 709107
4   undetected_chromedriver             0x0000000104eaa4f1 undetected_chromedriver + 709873
5   undetected_chromedriver             0x0000000104eefcb4 undetected_chromedriver + 994484
6   undetected_chromedriver             0x0000000104ece7ad undetected_chromedriver + 858029
7   undetected_chromedriver             0x0000000104eed0ce undetected_chromedriver + 983246
8   undetected_chromedriver             0x0000000104ece523 undetected_chromedriver + 857379
9   undetected_chromedriver             0x0000000104e9d012 undetected_chromedriver + 655378
10  undetected_chromedriver             0x0000000104e9dfee undetected_chromedriver + 659438
11  undetected_chromedriver             0x00000001055857c0 undetected_chromedriver + 7899072
12  undetected_chromedriver             0x0000000105589714 undetected_chromedriver + 7915284
13  undetected_chromedriver             0x0000000105567597 undetected_chromedriver + 7775639
14  undetected_chromedriver             0x000000010558a19e undetected_chromedriver + 7917982
15  undetected_chromedriver             0x0000000105556874 undetected_chromedriver + 7706740
16  undetected_chromedriver             0x00000001055a6d98 undetected_chromedriver + 8035736
17  undetected_chromedriver             0x00000001055a6f56 undetected_chromedriver + 8036182
18  undetected_chromedriver             0x00000001055b8558 undetected_chromedriver + 8107352
19  libsystem_pthread.dylib             0x00007ff80fd6018b _pthread_start + 99
20  libsystem_pthread.dylib             0x00007ff80fd5bae3 thread_start + 15

