2024-10-16 17:07:59,256 - ERROR - Test test_apple_a10e6232 failed.
2024-10-16 17:07:59,260 - ERROR - URL at failure: https://www.apple.com/ipad/
2024-10-16 17:07:59,261 - ERROR - Exception: self = <test.test_apple.TestApple object at 0x120c671c0>

    def test_apple_a10e6232(self):
        # self.driver.get("https://apple.com")
        self.driver.find_element(By.XPATH, "//ul[@id='globalnav-list']/li[2]/div[1]/div[1]/div[3]/ul[1]/li[1]/a[1]/span[1]").click()
        self.driver.find_element(By.XPATH, "//nav[@id='chapternav']/div/ul/li[3]/a").click()
>       self.driver.find_element(By.XPATH, "//nav[@id='ac-localnav']/div/div[2]/div[2]/div[2]/div[2]/a").click()
E       AttributeError: 'NoneType' object has no attribute 'click'

test/test_apple.py:82: AttributeError
2024-10-16 17:07:59,261 - ERROR - TimeoutException: Elements not found: xpath = //nav[@id='ac-localnav']/div/div[2]/div[2]/div[2]/div[2]/a - Message: 
Stacktrace:
0   undetected_chromedriver             0x0000000103243a58 undetected_chromedriver + 8141400
1   undetected_chromedriver             0x000000010323b94a undetected_chromedriver + 8108362
2   undetected_chromedriver             0x0000000102ae0f60 undetected_chromedriver + 397152
3   undetected_chromedriver             0x0000000102b2d1f3 undetected_chromedriver + 709107
4   undetected_chromedriver             0x0000000102b2d4f1 undetected_chromedriver + 709873
5   undetected_chromedriver             0x0000000102b72cb4 undetected_chromedriver + 994484
6   undetected_chromedriver             0x0000000102b517ad undetected_chromedriver + 858029
7   undetected_chromedriver             0x0000000102b700ce undetected_chromedriver + 983246
8   undetected_chromedriver             0x0000000102b51523 undetected_chromedriver + 857379
9   undetected_chromedriver             0x0000000102b20012 undetected_chromedriver + 655378
10  undetected_chromedriver             0x0000000102b20fee undetected_chromedriver + 659438
11  undetected_chromedriver             0x00000001032087c0 undetected_chromedriver + 7899072
12  undetected_chromedriver             0x000000010320c714 undetected_chromedriver + 7915284
13  undetected_chromedriver             0x00000001031ea597 undetected_chromedriver + 7775639
14  undetected_chromedriver             0x000000010320d19e undetected_chromedriver + 7917982
15  undetected_chromedriver             0x00000001031d9874 undetected_chromedriver + 7706740
16  undetected_chromedriver             0x0000000103229d98 undetected_chromedriver + 8035736
17  undetected_chromedriver             0x0000000103229f56 undetected_chromedriver + 8036182
18  undetected_chromedriver             0x000000010323b558 undetected_chromedriver + 8107352
19  libsystem_pthread.dylib             0x00007ff80fd6018b _pthread_start + 99
20  libsystem_pthread.dylib             0x00007ff80fd5bae3 thread_start + 15

